SF:lib\services\repeat_controller.dart
DA:6,1
DA:22,2
DA:23,0
DA:25,1
DA:26,1
DA:27,2
DA:28,1
DA:29,1
DA:31,1
DA:32,4
DA:35,1
DA:36,1
DA:37,1
DA:40,1
DA:43,1
DA:45,2
DA:47,2
DA:50,1
DA:51,1
DA:52,2
DA:53,3
DA:54,2
DA:59,1
DA:60,2
DA:61,1
DA:62,1
DA:65,0
DA:67,0
DA:68,0
DA:71,0
DA:72,0
DA:73,0
DA:74,0
DA:77,0
DA:78,0
DA:79,0
DA:80,0
DA:81,0
DA:82,0
DA:83,0
LF:40
LH:25
end_of_record
SF:lib\services\voice_parser.dart
DA:6,1
DA:8,0
DA:9,0
DA:15,1
DA:16,0
DA:17,1
DA:19,3
DA:25,2
DA:27,1
DA:28,3
DA:30,3
DA:34,2
DA:36,2
DA:37,1
DA:38,3
DA:39,1
DA:40,1
DA:41,3
DA:45,1
DA:46,5
DA:47,2
DA:49,1
DA:50,0
DA:51,0
DA:55,1
DA:64,2
DA:65,4
DA:66,0
DA:67,0
DA:68,0
DA:70,3
DA:72,0
DA:73,0
DA:74,0
DA:75,0
DA:82,2
DA:84,2
DA:85,1
DA:86,1
DA:89,1
DA:90,1
DA:91,2
DA:94,4
DA:95,1
DA:97,1
DA:101,4
DA:103,3
DA:107,2
DA:110,3
DA:113,2
DA:115,1
DA:118,0
DA:119,0
DA:120,0
DA:121,0
DA:124,1
DA:125,1
DA:126,4
LF:58
LH:42
end_of_record
